This file contains any messages produced by compilers while
running configure, to aid debugging if configure makes a mistake.

It was created by sxpcfg configure 0.1, which was
generated by GNU Autoconf 2.68.  Invocation command line was

  $ ./configure 

## --------- ##
## Platform. ##
## --------- ##

hostname = m
uname -m = i686
uname -r = 3.2.0-56-generic
uname -s = Linux
uname -v = #86-Ubuntu SMP Wed Oct 23 17:31:43 UTC 2013

/usr/bin/uname -p = unknown
/bin/uname -X     = unknown

/bin/arch              = unknown
/usr/bin/arch -k       = unknown
/usr/convex/getsysinfo = unknown
/usr/bin/hostinfo      = unknown
/bin/machine           = unknown
/usr/bin/oslevel       = unknown
/bin/universe          = unknown

PATH: /home/max/Documents/psept/Projet/LM/srilm/bin/i686
PATH: /usr/lib/lightdm/lightdm
PATH: /usr/local/sbin
PATH: /usr/local/bin
PATH: /usr/sbin
PATH: /usr/bin
PATH: /sbin
PATH: /bin
PATH: /usr/games


## ----------- ##
## Core tests. ##
## ----------- ##

configure:1828: checking for a BSD-compatible install
configure:1896: result: /usr/bin/install -c
configure:1907: checking whether build environment is sane
configure:1957: result: yes
configure:2098: checking for a thread-safe mkdir -p
configure:2137: result: /bin/mkdir -p
configure:2150: checking for gawk
configure:2166: found /usr/bin/gawk
configure:2177: result: gawk
configure:2188: checking whether make sets $(MAKE)
configure:2210: result: yes
configure:2340: checking for gcc
configure:2356: found /usr/bin/gcc
configure:2367: result: gcc
configure:2596: checking for C compiler version
configure:2605: gcc --version >&5
gcc (Ubuntu/Linaro 4.6.4-1ubuntu1~12.04) 4.6.4
Copyright (C) 2011 Free Software Foundation, Inc.
This is free software; see the source for copying conditions.  There is NO
warranty; not even for MERCHANTABILITY or FITNESS FOR A PARTICULAR PURPOSE.

configure:2616: $? = 0
configure:2605: gcc -v >&5
Using built-in specs.
COLLECT_GCC=gcc
COLLECT_LTO_WRAPPER=/usr/lib/gcc/i686-linux-gnu/4.6/lto-wrapper
Target: i686-linux-gnu
Configured with: ../src/configure -v --with-pkgversion='Ubuntu/Linaro 4.6.4-1ubuntu1~12.04' --with-bugurl=file:///usr/share/doc/gcc-4.6/README.Bugs --enable-languages=c,c++,fortran,objc,obj-c++ --prefix=/usr --program-suffix=-4.6 --enable-shared --enable-linker-build-id --with-system-zlib --libexecdir=/usr/lib --without-included-gettext --enable-threads=posix --with-gxx-include-dir=/usr/include/c++/4.6 --libdir=/usr/lib --enable-nls --with-sysroot=/ --enable-clocale=gnu --enable-libstdcxx-debug --enable-libstdcxx-time=yes --enable-gnu-unique-object --enable-plugin --enable-objc-gc --enable-targets=all --disable-werror --with-arch-32=i686 --with-tune=generic --enable-checking=release --build=i686-linux-gnu --host=i686-linux-gnu --target=i686-linux-gnu
Thread model: posix
gcc version 4.6.4 (Ubuntu/Linaro 4.6.4-1ubuntu1~12.04) 
configure:2616: $? = 0
configure:2605: gcc -V >&5
gcc: error: unrecognized option '-V'
gcc: fatal error: no input files
compilation terminated.
configure:2616: $? = 4
configure:2605: gcc -qversion >&5
gcc: error: unrecognized option '-qversion'
gcc: fatal error: no input files
compilation terminated.
configure:2616: $? = 4
configure:2636: checking whether the C compiler works
configure:2658: gcc    conftest.c  >&5
configure:2662: $? = 0
configure:2710: result: yes
configure:2713: checking for C compiler default output file name
configure:2715: result: a.out
configure:2721: checking for suffix of executables
configure:2728: gcc -o conftest    conftest.c  >&5
configure:2732: $? = 0
configure:2754: result: 
configure:2776: checking whether we are cross compiling
configure:2784: gcc -o conftest    conftest.c  >&5
configure:2788: $? = 0
configure:2795: ./conftest
configure:2799: $? = 0
configure:2814: result: no
configure:2819: checking for suffix of object files
configure:2841: gcc -c   conftest.c >&5
configure:2845: $? = 0
configure:2866: result: o
configure:2870: checking whether we are using the GNU C compiler
configure:2889: gcc -c   conftest.c >&5
configure:2889: $? = 0
configure:2898: result: yes
configure:2907: checking whether gcc accepts -g
configure:2927: gcc -c -g  conftest.c >&5
configure:2927: $? = 0
configure:2968: result: yes
configure:2985: checking for gcc option to accept ISO C89
configure:3049: gcc  -c -g -O2  conftest.c >&5
configure:3049: $? = 0
configure:3062: result: none needed
configure:3093: checking for style of include used by make
configure:3121: result: GNU
configure:3147: checking dependency style of gcc
configure:3258: result: gcc3
configure:3274: checking whether gcc and cc understand -c and -o together
configure:3305: gcc -c conftest.c -o conftest2.o >&5
configure:3309: $? = 0
configure:3315: gcc -c conftest.c -o conftest2.o >&5
configure:3319: $? = 0
configure:3330: cc -c conftest.c >&5
configure:3334: $? = 0
configure:3342: cc -c conftest.c -o conftest2.o >&5
configure:3346: $? = 0
configure:3352: cc -c conftest.c -o conftest2.o >&5
configure:3356: $? = 0
configure:3374: result: yes
configure:3405: checking for SYNTAX
configure:3515: result: yes
		syntaxversion = 6.0b7
		syntaxbin = /usr/local/bin
		syntaxlib = /usr/local/lib/syntax/libsx.a
		syntaxsrc = /usr/local/share/syntax
		syntaxincl = /usr/local/include/syntax
configure:3692: creating ./config.status

## ---------------------- ##
## Running config.status. ##
## ---------------------- ##

This file was extended by sxpcfg config.status 0.1, which was
generated by GNU Autoconf 2.68.  Invocation command line was

  CONFIG_FILES    = 
  CONFIG_HEADERS  = 
  CONFIG_LINKS    = 
  CONFIG_COMMANDS = 
  $ ./config.status 

on m

config.status:786: creating Makefile
config.status:958: executing depfiles commands

## ---------------- ##
## Cache variables. ##
## ---------------- ##

ac_cv_c_compiler_gnu=yes
ac_cv_env_CC_set=
ac_cv_env_CC_value=
ac_cv_env_CFLAGS_set=
ac_cv_env_CFLAGS_value=
ac_cv_env_CPPFLAGS_set=
ac_cv_env_CPPFLAGS_value=
ac_cv_env_LDFLAGS_set=
ac_cv_env_LDFLAGS_value=
ac_cv_env_LIBS_set=
ac_cv_env_LIBS_value=
ac_cv_env_build_alias_set=
ac_cv_env_build_alias_value=
ac_cv_env_host_alias_set=
ac_cv_env_host_alias_value=
ac_cv_env_target_alias_set=
ac_cv_env_target_alias_value=
ac_cv_objext=o
ac_cv_path_install='/usr/bin/install -c'
ac_cv_path_mkdir=/bin/mkdir
ac_cv_prog_AWK=gawk
ac_cv_prog_ac_ct_CC=gcc
ac_cv_prog_cc_c89=
ac_cv_prog_cc_g=yes
ac_cv_prog_cc_gcc_c_o=yes
ac_cv_prog_make_make_set=yes
am_cv_CC_dependencies_compiler_type=gcc3

## ----------------- ##
## Output variables. ##
## ----------------- ##

ACLOCAL='${SHELL} /home/max/Documents/psept/M2/analyse-syntaxique-du-LN/syntax-6.0b7/missing --run aclocal-1.11'
AMDEPBACKSLASH='\'
AMDEP_FALSE='#'
AMDEP_TRUE=''
AMTAR='$${TAR-tar}'
AUTOCONF='${SHELL} /home/max/Documents/psept/M2/analyse-syntaxique-du-LN/syntax-6.0b7/missing --run autoconf'
AUTOHEADER='${SHELL} /home/max/Documents/psept/M2/analyse-syntaxique-du-LN/syntax-6.0b7/missing --run autoheader'
AUTOMAKE='${SHELL} /home/max/Documents/psept/M2/analyse-syntaxique-du-LN/syntax-6.0b7/missing --run automake-1.11'
AWK='gawk'
CC='gcc'
CCDEPMODE='depmode=gcc3'
CFLAGS='-g -O2'
CPPFLAGS=''
CYGPATH_W='echo'
DEFS='-DPACKAGE_NAME=\"sxpcfg\" -DPACKAGE_TARNAME=\"sxpcfg\" -DPACKAGE_VERSION=\"0.1\" -DPACKAGE_STRING=\"sxpcfg\ 0.1\" -DPACKAGE_BUGREPORT=\"benoit.sagot@inria.fr\ and\ pierre.boullier@inria.fr\" -DPACKAGE_URL=\"\" -DPACKAGE=\"sxpcfg\" -DVERSION=\"0.1\"'
DEPDIR='.deps'
ECHO_C=''
ECHO_N='-n'
ECHO_T=''
EXEEXT=''
INSTALL_DATA='${INSTALL} -m 644'
INSTALL_PROGRAM='${INSTALL}'
INSTALL_SCRIPT='${INSTALL}'
INSTALL_STRIP_PROGRAM='$(install_sh) -c -s'
LDFLAGS=''
LIBOBJS=''
LIBS=''
LTLIBOBJS=''
MAKEINFO='${SHELL} /home/max/Documents/psept/M2/analyse-syntaxique-du-LN/syntax-6.0b7/missing --run makeinfo'
MKDIR_P='/bin/mkdir -p'
OBJEXT='o'
PACKAGE='sxpcfg'
PACKAGE_BUGREPORT='benoit.sagot@inria.fr and pierre.boullier@inria.fr'
PACKAGE_NAME='sxpcfg'
PACKAGE_STRING='sxpcfg 0.1'
PACKAGE_TARNAME='sxpcfg'
PACKAGE_URL=''
PACKAGE_VERSION='0.1'
PATH_SEPARATOR=':'
SET_MAKE=''
SHELL='/bin/bash'
STRIP=''
VERSION='0.1'
ac_ct_CC='gcc'
am__EXEEXT_FALSE=''
am__EXEEXT_TRUE='#'
am__fastdepCC_FALSE='#'
am__fastdepCC_TRUE=''
am__include='include'
am__isrc=''
am__leading_dot='.'
am__nodep='_no'
am__quote=''
am__tar='$${TAR-tar} chof - "$$tardir"'
am__untar='$${TAR-tar} xf -'
bindir='${exec_prefix}/bin'
build_alias=''
datadir='${datarootdir}'
datarootdir='${prefix}/share'
docdir='${datarootdir}/doc/${PACKAGE_TARNAME}'
dvidir='${docdir}'
exec_prefix='${prefix}'
host_alias=''
htmldir='${docdir}'
includedir='${prefix}/include'
infodir='${datarootdir}/info'
install_sh='${SHELL} /home/max/Documents/psept/M2/analyse-syntaxique-du-LN/syntax-6.0b7/install-sh'
libdir='${exec_prefix}/lib'
libexecdir='${exec_prefix}/libexec'
localedir='${datarootdir}/locale'
localstatedir='${prefix}/var'
mandir='${datarootdir}/man'
mkdir_p='/bin/mkdir -p'
oldincludedir='/usr/include'
pdfdir='${docdir}'
prefix='/usr/local'
program_transform_name='s,x,x,'
psdir='${docdir}'
sbindir='${exec_prefix}/sbin'
sharedstatedir='${prefix}/com'
syntaxbin='/usr/local/bin'
syntaxincl='/usr/local/include/syntax'
syntaxlib='/usr/local/lib/syntax/libsx.a'
syntaxlibdir='/usr/local/lib/syntax'
syntaxsrc='/usr/local/share/syntax'
syntaxversion='6.0b7'
sysconfdir='${prefix}/etc'
target_alias=''

## ----------- ##
## confdefs.h. ##
## ----------- ##

/* confdefs.h */
#define PACKAGE_NAME "sxpcfg"
#define PACKAGE_TARNAME "sxpcfg"
#define PACKAGE_VERSION "0.1"
#define PACKAGE_STRING "sxpcfg 0.1"
#define PACKAGE_BUGREPORT "benoit.sagot@inria.fr and pierre.boullier@inria.fr"
#define PACKAGE_URL ""
#define PACKAGE "sxpcfg"
#define VERSION "0.1"

configure: exit 0
